Starting httpd...
{u'apiVersion': u'v1',
 u'kind': u'Alarm',
 u'spec': {u'aggregationFunction': u'max',
           u'comparisonFunction': u'below',
           u'eventRuleId': u'b8e19a16-00de-11e8-8975-0242ac120005',
           u'intervalCount': 1,
           u'intervalDuration': 10,
           u'intervalsWithException': 1,
           u'metricType': u'cpu.usage',
           u'mode': u'event',
           u'module': u'alarms',
           u'name': u'scale-down',
           u'severity': u'warning',
           u'threshold': 40},
 u'status': {u'description': u"Instance appformix-demo-vm-1 on Host nugget-compute: max cpu.usage below 40 {u'Sample_Value': 0}",
             u'entityDetails': {u'hostId': u'nugget-compute',
                                u'projectId': u'4421d8ada8c0471880d4e585ae05392f'},
             u'entityId': u'f469a9b7-65b6-4fb3-8f81-36ee630679f2',
             u'entityType': u'instance',
             u'metaData': {u'Sample_Value': 0},
             u'state': u'triggered',
             u'timestamp': 1516783464000}}
{u'apiVersion': u'v1',
 u'kind': u'Alarm',
 u'spec': {u'aggregationFunction': u'max',
           u'comparisonFunction': u'below',
           u'eventRuleId': u'b8e19a16-00de-11e8-8975-0242ac120005',
           u'intervalCount': 1,
           u'intervalDuration': 10,
           u'intervalsWithException': 1,
           u'metricType': u'cpu.usage',
           u'mode': u'event',
           u'module': u'alarms',
           u'name': u'scale-down',
           u'severity': u'warning',
           u'threshold': 40},
 u'status': {u'description': u"Instance appformix-demo-vm-2 on Host nugget-compute: max cpu.usage below 40 {u'Sample_Value': 0}",
             u'entityDetails': {u'hostId': u'nugget-compute',
                                u'projectId': u'4421d8ada8c0471880d4e585ae05392f'},
             u'entityId': u'c9d9e979-24b3-4d98-abfe-77f8aa502642',
             u'entityType': u'instance',
             u'metaData': {u'Sample_Value': 0},
             u'state': u'triggered',
             u'timestamp': 1516783464000}}
{u'apiVersion': u'v1',
 u'kind': u'Alarm',
 u'spec': {u'aggregationFunction': u'max',
           u'comparisonFunction': u'below',
           u'eventRuleId': u'b8e19a16-00de-11e8-8975-0242ac120005',
           u'intervalCount': 1,
           u'intervalDuration': 10,
           u'intervalsWithException': 1,
           u'metricType': u'cpu.usage',
           u'mode': u'event',
           u'module': u'alarms',
           u'name': u'scale-down',
           u'severity': u'warning',
           u'threshold': 40},
 u'status': {u'description': u"Instance firewall-service-instance001 on Host nugget-compute: max cpu.usage below 40 {u'Sample_Value': 20}",
             u'entityDetails': {u'hostId': u'nugget-compute',
                                u'projectId': u'4421d8ada8c0471880d4e585ae05392f'},
             u'entityId': u'2d0b40e8-406a-47b0-b23a-9cad7c91d138',
             u'entityType': u'instance',
             u'metaData': {u'Sample_Value': 20},
             u'state': u'triggered',
             u'timestamp': 1516783464000}}
{u'apiVersion': u'v1',
 u'kind': u'Alarm',
 u'spec': {u'aggregationFunction': u'max',
           u'comparisonFunction': u'below',
           u'eventRuleId': u'b8e19a16-00de-11e8-8975-0242ac120005',
           u'intervalCount': 1,
           u'intervalDuration': 10,
           u'intervalsWithException': 1,
           u'metricType': u'cpu.usage',
           u'mode': u'event',
           u'module': u'alarms',
           u'name': u'scale-down',
           u'severity': u'warning',
           u'threshold': 40},
 u'status': {u'description': u"Instance firewall-service-instance002 on Host nugget-compute: max cpu.usage below 40 {u'Sample_Value': 23}",
             u'entityDetails': {u'hostId': u'nugget-compute',
                                u'projectId': u'4421d8ada8c0471880d4e585ae05392f'},
             u'entityId': u'c3ee80db-9308-49d7-ae0c-d7fd4bde0677',
             u'entityType': u'instance',
             u'metaData': {u'Sample_Value': 23},
             u'state': u'triggered',
             u'timestamp': 1516783464000}}
{u'apiVersion': u'v1',
 u'kind': u'Alarm',
 u'spec': {u'aggregationFunction': u'max',
           u'comparisonFunction': u'below',
           u'eventRuleId': u'b8e19a16-00de-11e8-8975-0242ac120005',
           u'intervalCount': 1,
           u'intervalDuration': 10,
           u'intervalsWithException': 1,
           u'metricType': u'cpu.usage',
           u'mode': u'event',
           u'module': u'alarms',
           u'name': u'scale-down',
           u'severity': u'warning',
           u'threshold': 40},
 u'status': {u'description': u"Instance appformix-demo-vm-1 on Host nugget-compute: max cpu.usage below 40 {u'Sample_Value': 0}",
             u'entityDetails': {u'hostId': u'nugget-compute',
                                u'projectId': u'4421d8ada8c0471880d4e585ae05392f'},
             u'entityId': u'f469a9b7-65b6-4fb3-8f81-36ee630679f2',
             u'entityType': u'instance',
             u'metaData': {u'Sample_Value': 0},
             u'state': u'triggered',
             u'timestamp': 1516783474000}}
{u'apiVersion': u'v1',
 u'kind': u'Alarm',
 u'spec': {u'aggregationFunction': u'max',
           u'comparisonFunction': u'below',
           u'eventRuleId': u'b8e19a16-00de-11e8-8975-0242ac120005',
           u'intervalCount': 1,
           u'intervalDuration': 10,
           u'intervalsWithException': 1,
           u'metricType': u'cpu.usage',
           u'mode': u'event',
           u'module': u'alarms',
           u'name': u'scale-down',
           u'severity': u'warning',
           u'threshold': 40},
 u'status': {u'description': u"Instance appformix-demo-vm-2 on Host nugget-compute: max cpu.usage below 40 {u'Sample_Value': 0}",
             u'entityDetails': {u'hostId': u'nugget-compute',
                                u'projectId': u'4421d8ada8c0471880d4e585ae05392f'},
             u'entityId': u'c9d9e979-24b3-4d98-abfe-77f8aa502642',
             u'entityType': u'instance',
             u'metaData': {u'Sample_Value': 0},
             u'state': u'triggered',
             u'timestamp': 1516783474000}}
{u'apiVersion': u'v1',
 u'kind': u'Alarm',
 u'spec': {u'aggregationFunction': u'max',
           u'comparisonFunction': u'below',
           u'eventRuleId': u'b8e19a16-00de-11e8-8975-0242ac120005',
           u'intervalCount': 1,
           u'intervalDuration': 10,
           u'intervalsWithException': 1,
           u'metricType': u'cpu.usage',
           u'mode': u'event',
           u'module': u'alarms',
           u'name': u'scale-down',
           u'severity': u'warning',
           u'threshold': 40},
 u'status': {u'description': u"Instance firewall-service-instance001 on Host nugget-compute: max cpu.usage below 40 {u'Sample_Value': 22}",
             u'entityDetails': {u'hostId': u'nugget-compute',
                                u'projectId': u'4421d8ada8c0471880d4e585ae05392f'},
             u'entityId': u'2d0b40e8-406a-47b0-b23a-9cad7c91d138',
             u'entityType': u'instance',
             u'metaData': {u'Sample_Value': 22},
             u'state': u'triggered',
             u'timestamp': 1516783474000}}
{u'apiVersion': u'v1',
 u'kind': u'Alarm',
 u'spec': {u'aggregationFunction': u'max',
           u'comparisonFunction': u'below',
           u'eventRuleId': u'b8e19a16-00de-11e8-8975-0242ac120005',
           u'intervalCount': 1,
           u'intervalDuration': 10,
           u'intervalsWithException': 1,
           u'metricType': u'cpu.usage',
           u'mode': u'event',
           u'module': u'alarms',
           u'name': u'scale-down',
           u'severity': u'warning',
           u'threshold': 40},
 u'status': {u'description': u"Instance firewall-service-instance002 on Host nugget-compute: max cpu.usage below 40 {u'Sample_Value': 22}",
             u'entityDetails': {u'hostId': u'nugget-compute',
                                u'projectId': u'4421d8ada8c0471880d4e585ae05392f'},
             u'entityId': u'c3ee80db-9308-49d7-ae0c-d7fd4bde0677',
             u'entityType': u'instance',
             u'metaData': {u'Sample_Value': 22},
             u'state': u'triggered',
             u'timestamp': 1516783474000}}
